<?xml version="1.0" encoding="UTF-8"?>
<!-- Generated by org.testng.reporters.JUnitReportReporter -->
<testsuite skipped="0" hostname="Admin-PC" name="com.tamplo.qa.pages.NewTest" tests="1" failures="0" timestamp="03 Dec 2018 11:34:39 GMT" time="10.324" errors="0">
  <testcase name="f" time="10.324" classname="com.tamplo.qa.pages.NewTest"/>
</testsuite> <!-- com.tamplo.qa.pages.NewTest -->
