<?xml version="1.0" encoding="UTF-8"?>
<!-- Generated by org.testng.reporters.JUnitReportReporter -->
<testsuite skipped="0" hostname="Admin-PC" name="com.tamplo.qa.pages.LoginTest" tests="1" failures="0" timestamp="05 Dec 2018 06:33:36 GMT" time="8.203" errors="0">
  <testcase name="loginTestone" time="8.203" classname="com.tamplo.qa.pages.LoginTest"/>
</testsuite> <!-- com.tamplo.qa.pages.LoginTest -->
