<?xml version="1.0" encoding="UTF-8"?>
<!-- Generated by org.testng.reporters.JUnitReportReporter -->
<testsuite skipped="0" hostname="Admin-PC" name="com.tamplo.qa.test.NewTest" tests="1" failures="0" timestamp="10 Dec 2018 10:40:46 GMT" time="18.789" errors="0">
  <testcase name="f" time="18.789" classname="com.tamplo.qa.test.NewTest"/>
</testsuite> <!-- com.tamplo.qa.test.NewTest -->
