<?xml version="1.0" encoding="UTF-8"?>
<!-- Generated by org.testng.reporters.JUnitReportReporter -->
<testsuite skipped="0" hostname="Admin-PC" name="com.tamplo.qa.pages.LoginTestCase" tests="1" failures="0" timestamp="05 Dec 2018 06:13:20 GMT" time="10.378" errors="0">
  <testcase name="loginTestone" time="10.378" classname="com.tamplo.qa.pages.LoginTestCase"/>
</testsuite> <!-- com.tamplo.qa.pages.LoginTestCase -->
