<?xml version="1.0" encoding="UTF-8"?>
<!-- Generated by org.testng.reporters.JUnitReportReporter -->
<testsuite skipped="0" hostname="DESKTOP-727A0UM" name="com.tamplo.qa.excelreadcode.ExcelOperations" tests="2" failures="0" timestamp="20 Jan 2019 05:37:13 GMT" time="0.014" errors="0">
  <testcase name="sampleTest" time="0.002" classname="com.tamplo.qa.excelreadcode.ExcelOperations"/>
  <testcase name="sampleTest" time="0.012" classname="com.tamplo.qa.excelreadcode.ExcelOperations"/>
</testsuite> <!-- com.tamplo.qa.excelreadcode.ExcelOperations -->
