<?xml version="1.0" encoding="UTF-8"?>
<!-- Generated by org.testng.reporters.JUnitReportReporter -->
<testsuite skipped="1" hostname="Admin-PC" name="com.tamplo.qa.test.LoginTest" tests="1" failures="0" timestamp="06 Dec 2018 16:03:19 GMT" time="0.000" errors="0">
  <testcase name="loginTestone" time="0.000" classname="com.tamplo.qa.test.LoginTest">
    <skipped/>
  </testcase> <!-- loginTestone -->
</testsuite> <!-- com.tamplo.qa.test.LoginTest -->
