<?xml version="1.0" encoding="UTF-8"?>
<!-- Generated by org.testng.reporters.JUnitReportReporter -->
<testsuite skipped="0" hostname="Admin-PC" name="com.tamplo.qa.pages.HomePageTest" tests="1" failures="0" timestamp="05 Dec 2018 12:30:56 GMT" time="15.921" errors="0">
  <testcase name="Test" time="15.921" classname="com.tamplo.qa.pages.HomePageTest"/>
</testsuite> <!-- com.tamplo.qa.pages.HomePageTest -->
