<?xml version="1.0" encoding="UTF-8"?>
<!-- Generated by org.testng.reporters.JUnitReportReporter -->
<testsuite skipped="0" hostname="Admin-PC" name="com.tamplo.qa.test.HomePageTest" tests="1" failures="0" timestamp="06 Dec 2018 08:58:10 GMT" time="10.591" errors="0">
  <testcase name="Test" time="10.591" classname="com.tamplo.qa.test.HomePageTest"/>
</testsuite> <!-- com.tamplo.qa.test.HomePageTest -->
